<?xml version="1.0" encoding="UTF-8"?>
<testng-results ignored="0" total="6" passed="3" failed="3" skipped="0">
  <reporter-output>
    <line>
      <![CDATA[Clicked on My Account Link]]>
    </line>
    <line>
      <![CDATA[Clicked on Register Link]]>
    </line>
    <line>
      <![CDATA[First name is entered]]>
    </line>
    <line>
      <![CDATA[Last name is entered]]>
    </line>
    <line>
      <![CDATA[Email address is entered]]>
    </line>
    <line>
      <![CDATA[Telephone number is entered]]>
    </line>
    <line>
      <![CDATA[Password is entered]]>
    </line>
    <line>
      <![CDATA[Confirm password is entered]]>
    </line>
    <line>
      <![CDATA[Privacy-policy checkbox is checked]]>
    </line>
    <line>
      <![CDATA[First continue button is clicked]]>
    </line>
    <line>
      <![CDATA[Second continue button is clicked]]>
    </line>
    <line>
      <![CDATA[Clicked on My Account Link]]>
    </line>
    <line>
      <![CDATA[Clicked on Login Link]]>
    </line>
    <line>
      <![CDATA[Email address is entered]]>
    </line>
    <line>
      <![CDATA[Password is entered]]>
    </line>
    <line>
      <![CDATA[Login button is clicked]]>
    </line>
    <line>
      <![CDATA[Clicked on My Account Link]]>
    </line>
    <line>
      <![CDATA[Clicked on Login Link]]>
    </line>
    <line>
      <![CDATA[Email address is entered]]>
    </line>
    <line>
      <![CDATA[Password is entered]]>
    </line>
    <line>
      <![CDATA[Login button is clicked]]>
    </line>
    <line>
      <![CDATA[Clicked on My Account Link]]>
    </line>
    <line>
      <![CDATA[Clicked on Login Link]]>
    </line>
    <line>
      <![CDATA[Email address is entered]]>
    </line>
    <line>
      <![CDATA[Password is entered]]>
    </line>
    <line>
      <![CDATA[Login button is clicked]]>
    </line>
    <line>
      <![CDATA[Clicked on My Account Link]]>
    </line>
    <line>
      <![CDATA[Clicked on Login Link]]>
    </line>
    <line>
      <![CDATA[Email address is entered]]>
    </line>
    <line>
      <![CDATA[Password is entered]]>
    </line>
    <line>
      <![CDATA[Login button is clicked]]>
    </line>
    <line>
      <![CDATA[Clicked on My Account Link]]>
    </line>
    <line>
      <![CDATA[Clicked on Login Link]]>
    </line>
    <line>
      <![CDATA[Email address is entered]]>
    </line>
    <line>
      <![CDATA[Password is entered]]>
    </line>
    <line>
      <![CDATA[Login button is clicked]]>
    </line>
    <line>
      <![CDATA[Clicked on My Account Link]]>
    </line>
    <line>
      <![CDATA[Clicked on Logout Link]]>
    </line>
  </reporter-output>
  <suite started-at="2025-09-30T16:29:06 IST" name="Project Ecommerce" finished-at="2025-09-30T16:29:55 IST" duration-ms="48436">
    <groups>
    </groups>
    <test started-at="2025-09-30T16:29:06 IST" name="Verify Registration" finished-at="2025-09-30T16:29:18 IST" duration-ms="11437">
      <class name="testcases.TC001_AccountRegistration">
        <test-method is-config="true" signature="launchBrowser(java.lang.String,java.lang.String)[pri:0, instance:testcases.TC001_AccountRegistration@694abbdc]" started-at="2025-09-30T16:29:07 IST" name="launchBrowser" finished-at="2025-09-30T16:29:12 IST" duration-ms="5650" status="PASS">
          <params>
            <param index="0">
              <value>
                <![CDATA[windows]]>
              </value>
            </param>
            <param index="1">
              <value>
                <![CDATA[chrome]]>
              </value>
            </param>
          </params>
          <reporter-output>
          </reporter-output>
        </test-method> <!-- launchBrowser -->
        <test-method signature="verifyRegistration()[pri:0, instance:testcases.TC001_AccountRegistration@694abbdc]" started-at="2025-09-30T16:29:12 IST" name="verifyRegistration" finished-at="2025-09-30T16:29:18 IST" duration-ms="5325" status="PASS">
          <reporter-output>
            <line>
              <![CDATA[Clicked on My Account Link]]>
            </line>
            <line>
              <![CDATA[Clicked on Register Link]]>
            </line>
            <line>
              <![CDATA[First name is entered]]>
            </line>
            <line>
              <![CDATA[Last name is entered]]>
            </line>
            <line>
              <![CDATA[Email address is entered]]>
            </line>
            <line>
              <![CDATA[Telephone number is entered]]>
            </line>
            <line>
              <![CDATA[Password is entered]]>
            </line>
            <line>
              <![CDATA[Confirm password is entered]]>
            </line>
            <line>
              <![CDATA[Privacy-policy checkbox is checked]]>
            </line>
            <line>
              <![CDATA[First continue button is clicked]]>
            </line>
            <line>
              <![CDATA[Second continue button is clicked]]>
            </line>
          </reporter-output>
        </test-method> <!-- verifyRegistration -->
        <test-method is-config="true" signature="tearDown()[pri:0, instance:testcases.TC001_AccountRegistration@694abbdc]" started-at="2025-09-30T16:29:18 IST" name="tearDown" finished-at="2025-09-30T16:29:18 IST" duration-ms="369" status="PASS">
          <reporter-output>
          </reporter-output>
        </test-method> <!-- tearDown -->
      </class> <!-- testcases.TC001_AccountRegistration -->
    </test> <!-- Verify Registration -->
    <test started-at="2025-09-30T16:29:18 IST" name="Verify Login" finished-at="2025-09-30T16:29:25 IST" duration-ms="6655">
      <class name="testcases.TC002_Login">
        <test-method is-config="true" signature="launchBrowser(java.lang.String,java.lang.String)[pri:0, instance:testcases.TC002_Login@4d5d943d]" started-at="2025-09-30T16:29:18 IST" name="launchBrowser" finished-at="2025-09-30T16:29:21 IST" duration-ms="3237" status="PASS">
          <params>
            <param index="0">
              <value>
                <![CDATA[windows]]>
              </value>
            </param>
            <param index="1">
              <value>
                <![CDATA[chrome]]>
              </value>
            </param>
          </params>
          <reporter-output>
          </reporter-output>
        </test-method> <!-- launchBrowser -->
        <test-method signature="verfiyLogin()[pri:0, instance:testcases.TC002_Login@4d5d943d]" started-at="2025-09-30T16:29:21 IST" name="verfiyLogin" finished-at="2025-09-30T16:29:24 IST" duration-ms="3178" status="PASS">
          <reporter-output>
            <line>
              <![CDATA[Clicked on My Account Link]]>
            </line>
            <line>
              <![CDATA[Clicked on Login Link]]>
            </line>
            <line>
              <![CDATA[Email address is entered]]>
            </line>
            <line>
              <![CDATA[Password is entered]]>
            </line>
            <line>
              <![CDATA[Login button is clicked]]>
            </line>
          </reporter-output>
        </test-method> <!-- verfiyLogin -->
        <test-method is-config="true" signature="tearDown()[pri:0, instance:testcases.TC002_Login@4d5d943d]" started-at="2025-09-30T16:29:24 IST" name="tearDown" finished-at="2025-09-30T16:29:25 IST" duration-ms="236" status="PASS">
          <reporter-output>
          </reporter-output>
        </test-method> <!-- tearDown -->
      </class> <!-- testcases.TC002_Login -->
    </test> <!-- Verify Login -->
    <test started-at="2025-09-30T16:29:25 IST" name="Verify Login With DDT" finished-at="2025-09-30T16:29:55 IST" duration-ms="30292">
      <class name="testcases.TC003_DDTLogin">
        <test-method is-config="true" signature="launchBrowser(java.lang.String,java.lang.String)[pri:0, instance:testcases.TC003_DDTLogin@48f2bd5b]" started-at="2025-09-30T16:29:26 IST" name="launchBrowser" finished-at="2025-09-30T16:29:29 IST" duration-ms="3542" status="PASS">
          <params>
            <param index="0">
              <value>
                <![CDATA[windows]]>
              </value>
            </param>
            <param index="1">
              <value>
                <![CDATA[chrome]]>
              </value>
            </param>
          </params>
          <reporter-output>
          </reporter-output>
        </test-method> <!-- launchBrowser -->
        <test-method signature="verifyLoginWithDDT(java.lang.String,java.lang.String)[pri:0, instance:testcases.TC003_DDTLogin@48f2bd5b]" started-at="2025-09-30T16:29:29 IST" name="verifyLoginWithDDT" data-provider="dataProviderForLogin" finished-at="2025-09-30T16:29:33 IST" duration-ms="3087" status="FAIL">
          <params>
            <param index="0">
              <value>
                <![CDATA[jerryjohnson123@example.com]]>
              </value>
            </param>
            <param index="1">
              <value>
                <![CDATA[reset@123]]>
              </value>
            </param>
          </params>
          <exception class="java.lang.AssertionError">
            <message>
              <![CDATA[Title doesn't matched, login failed expected [My Account] but found [Account Login]]]>
            </message>
            <full-stacktrace>
              <![CDATA[java.lang.AssertionError: Title doesn't matched, login failed expected [My Account] but found [Account Login]
at org.testng.Assert.fail(Assert.java:111)
at org.testng.Assert.failNotEquals(Assert.java:1590)
at org.testng.Assert.assertEqualsImpl(Assert.java:150)
at org.testng.Assert.assertEquals(Assert.java:132)
at org.testng.Assert.assertEquals(Assert.java:656)
at testcases.TC003_DDTLogin.verifyLoginWithDDT(TC003_DDTLogin.java:37)
at java.base/jdk.internal.reflect.DirectMethodHandleAccessor.invoke(DirectMethodHandleAccessor.java:103)
at java.base/java.lang.reflect.Method.invoke(Method.java:580)
at org.testng.internal.invokers.MethodInvocationHelper.invokeMethod(MethodInvocationHelper.java:141)
at org.testng.internal.invokers.TestInvoker.invokeMethod(TestInvoker.java:687)
at org.testng.internal.invokers.TestInvoker.invokeTestMethod(TestInvoker.java:230)
at org.testng.internal.invokers.MethodRunner.runInSequence(MethodRunner.java:63)
at org.testng.internal.invokers.TestInvoker$MethodInvocationAgent.invoke(TestInvoker.java:995)
at org.testng.internal.invokers.TestInvoker.invokeTestMethods(TestInvoker.java:203)
at org.testng.internal.invokers.TestMethodWorker.invokeTestMethods(TestMethodWorker.java:154)
at org.testng.internal.invokers.TestMethodWorker.run(TestMethodWorker.java:134)
at java.base/java.util.ArrayList.forEach(ArrayList.java:1596)
at org.testng.TestRunner.privateRun(TestRunner.java:741)
at org.testng.TestRunner.run(TestRunner.java:616)
at org.testng.SuiteRunner.runTest(SuiteRunner.java:421)
at org.testng.SuiteRunner.runSequentially(SuiteRunner.java:413)
at org.testng.SuiteRunner.privateRun(SuiteRunner.java:373)
at org.testng.SuiteRunner.run(SuiteRunner.java:312)
at org.testng.SuiteRunnerWorker.runSuite(SuiteRunnerWorker.java:52)
at org.testng.SuiteRunnerWorker.run(SuiteRunnerWorker.java:95)
at org.testng.TestNG.runSuitesSequentially(TestNG.java:1274)
at org.testng.TestNG.runSuitesLocally(TestNG.java:1208)
at org.testng.TestNG.runSuites(TestNG.java:1112)
at org.testng.TestNG.run(TestNG.java:1079)
at org.apache.maven.surefire.testng.TestNGExecutor.run(TestNGExecutor.java:308)
at org.apache.maven.surefire.testng.TestNGXmlTestSuite.execute(TestNGXmlTestSuite.java:71)
at org.apache.maven.surefire.testng.TestNGProvider.invoke(TestNGProvider.java:113)
at org.apache.maven.surefire.booter.ForkedBooter.runSuitesInProcess(ForkedBooter.java:385)
at org.apache.maven.surefire.booter.ForkedBooter.execute(ForkedBooter.java:162)
at org.apache.maven.surefire.booter.ForkedBooter.run(ForkedBooter.java:507)
at org.apache.maven.surefire.booter.ForkedBooter.main(ForkedBooter.java:495)
]]>
            </full-stacktrace>
          </exception> <!-- java.lang.AssertionError -->
          <reporter-output>
            <line>
              <![CDATA[Clicked on My Account Link]]>
            </line>
            <line>
              <![CDATA[Clicked on Login Link]]>
            </line>
            <line>
              <![CDATA[Email address is entered]]>
            </line>
            <line>
              <![CDATA[Password is entered]]>
            </line>
            <line>
              <![CDATA[Login button is clicked]]>
            </line>
          </reporter-output>
        </test-method> <!-- verifyLoginWithDDT -->
        <test-method is-config="true" signature="tearDown()[pri:0, instance:testcases.TC003_DDTLogin@48f2bd5b]" started-at="2025-09-30T16:29:33 IST" name="tearDown" finished-at="2025-09-30T16:29:33 IST" duration-ms="241" status="PASS">
          <reporter-output>
          </reporter-output>
        </test-method> <!-- tearDown -->
        <test-method is-config="true" signature="launchBrowser(java.lang.String,java.lang.String)[pri:0, instance:testcases.TC003_DDTLogin@48f2bd5b]" started-at="2025-09-30T16:29:33 IST" name="launchBrowser" finished-at="2025-09-30T16:29:36 IST" duration-ms="3449" status="PASS">
          <params>
            <param index="0">
              <value>
                <![CDATA[windows]]>
              </value>
            </param>
            <param index="1">
              <value>
                <![CDATA[chrome]]>
              </value>
            </param>
          </params>
          <reporter-output>
          </reporter-output>
        </test-method> <!-- launchBrowser -->
        <test-method signature="verifyLoginWithDDT(java.lang.String,java.lang.String)[pri:0, instance:testcases.TC003_DDTLogin@48f2bd5b]" started-at="2025-09-30T16:29:36 IST" name="verifyLoginWithDDT" data-provider="dataProviderForLogin" finished-at="2025-09-30T16:29:39 IST" duration-ms="3026" status="FAIL">
          <params>
            <param index="0">
              <value>
                <![CDATA[kunalwagh1163@gmail.com]]>
              </value>
            </param>
            <param index="1">
              <value>
                <![CDATA[reset@123]]>
              </value>
            </param>
          </params>
          <exception class="java.lang.AssertionError">
            <message>
              <![CDATA[Title doesn't matched, login failed expected [My Account] but found [Account Login]]]>
            </message>
            <full-stacktrace>
              <![CDATA[java.lang.AssertionError: Title doesn't matched, login failed expected [My Account] but found [Account Login]
at org.testng.Assert.fail(Assert.java:111)
at org.testng.Assert.failNotEquals(Assert.java:1590)
at org.testng.Assert.assertEqualsImpl(Assert.java:150)
at org.testng.Assert.assertEquals(Assert.java:132)
at org.testng.Assert.assertEquals(Assert.java:656)
at testcases.TC003_DDTLogin.verifyLoginWithDDT(TC003_DDTLogin.java:37)
at java.base/jdk.internal.reflect.DirectMethodHandleAccessor.invoke(DirectMethodHandleAccessor.java:103)
at java.base/java.lang.reflect.Method.invoke(Method.java:580)
at org.testng.internal.invokers.MethodInvocationHelper.invokeMethod(MethodInvocationHelper.java:141)
at org.testng.internal.invokers.TestInvoker.invokeMethod(TestInvoker.java:687)
at org.testng.internal.invokers.TestInvoker.invokeTestMethod(TestInvoker.java:230)
at org.testng.internal.invokers.MethodRunner.runInSequence(MethodRunner.java:63)
at org.testng.internal.invokers.TestInvoker$MethodInvocationAgent.invoke(TestInvoker.java:995)
at org.testng.internal.invokers.TestInvoker.invokeTestMethods(TestInvoker.java:203)
at org.testng.internal.invokers.TestMethodWorker.invokeTestMethods(TestMethodWorker.java:154)
at org.testng.internal.invokers.TestMethodWorker.run(TestMethodWorker.java:134)
at java.base/java.util.ArrayList.forEach(ArrayList.java:1596)
at org.testng.TestRunner.privateRun(TestRunner.java:741)
at org.testng.TestRunner.run(TestRunner.java:616)
at org.testng.SuiteRunner.runTest(SuiteRunner.java:421)
at org.testng.SuiteRunner.runSequentially(SuiteRunner.java:413)
at org.testng.SuiteRunner.privateRun(SuiteRunner.java:373)
at org.testng.SuiteRunner.run(SuiteRunner.java:312)
at org.testng.SuiteRunnerWorker.runSuite(SuiteRunnerWorker.java:52)
at org.testng.SuiteRunnerWorker.run(SuiteRunnerWorker.java:95)
at org.testng.TestNG.runSuitesSequentially(TestNG.java:1274)
at org.testng.TestNG.runSuitesLocally(TestNG.java:1208)
at org.testng.TestNG.runSuites(TestNG.java:1112)
at org.testng.TestNG.run(TestNG.java:1079)
at org.apache.maven.surefire.testng.TestNGExecutor.run(TestNGExecutor.java:308)
at org.apache.maven.surefire.testng.TestNGXmlTestSuite.execute(TestNGXmlTestSuite.java:71)
at org.apache.maven.surefire.testng.TestNGProvider.invoke(TestNGProvider.java:113)
at org.apache.maven.surefire.booter.ForkedBooter.runSuitesInProcess(ForkedBooter.java:385)
at org.apache.maven.surefire.booter.ForkedBooter.execute(ForkedBooter.java:162)
at org.apache.maven.surefire.booter.ForkedBooter.run(ForkedBooter.java:507)
at org.apache.maven.surefire.booter.ForkedBooter.main(ForkedBooter.java:495)
]]>
            </full-stacktrace>
          </exception> <!-- java.lang.AssertionError -->
          <reporter-output>
            <line>
              <![CDATA[Clicked on My Account Link]]>
            </line>
            <line>
              <![CDATA[Clicked on Login Link]]>
            </line>
            <line>
              <![CDATA[Email address is entered]]>
            </line>
            <line>
              <![CDATA[Password is entered]]>
            </line>
            <line>
              <![CDATA[Login button is clicked]]>
            </line>
          </reporter-output>
        </test-method> <!-- verifyLoginWithDDT -->
        <test-method is-config="true" signature="tearDown()[pri:0, instance:testcases.TC003_DDTLogin@48f2bd5b]" started-at="2025-09-30T16:29:39 IST" name="tearDown" finished-at="2025-09-30T16:29:40 IST" duration-ms="276" status="PASS">
          <reporter-output>
          </reporter-output>
        </test-method> <!-- tearDown -->
        <test-method is-config="true" signature="launchBrowser(java.lang.String,java.lang.String)[pri:0, instance:testcases.TC003_DDTLogin@48f2bd5b]" started-at="2025-09-30T16:29:40 IST" name="launchBrowser" finished-at="2025-09-30T16:29:42 IST" duration-ms="2125" status="PASS">
          <params>
            <param index="0">
              <value>
                <![CDATA[windows]]>
              </value>
            </param>
            <param index="1">
              <value>
                <![CDATA[chrome]]>
              </value>
            </param>
          </params>
          <reporter-output>
          </reporter-output>
        </test-method> <!-- launchBrowser -->
        <test-method signature="verifyLoginWithDDT(java.lang.String,java.lang.String)[pri:0, instance:testcases.TC003_DDTLogin@48f2bd5b]" started-at="2025-09-30T16:29:42 IST" name="verifyLoginWithDDT" data-provider="dataProviderForLogin" finished-at="2025-09-30T16:29:46 IST" duration-ms="4491" status="FAIL">
          <params>
            <param index="0">
              <value>
                <![CDATA[daviddawn123@gmail.com]]>
              </value>
            </param>
            <param index="1">
              <value>
                <![CDATA[kunal1727]]>
              </value>
            </param>
          </params>
          <exception class="java.lang.AssertionError">
            <message>
              <![CDATA[Title doesn't matched, login failed expected [My Account] but found [Account Login]]]>
            </message>
            <full-stacktrace>
              <![CDATA[java.lang.AssertionError: Title doesn't matched, login failed expected [My Account] but found [Account Login]
at org.testng.Assert.fail(Assert.java:111)
at org.testng.Assert.failNotEquals(Assert.java:1590)
at org.testng.Assert.assertEqualsImpl(Assert.java:150)
at org.testng.Assert.assertEquals(Assert.java:132)
at org.testng.Assert.assertEquals(Assert.java:656)
at testcases.TC003_DDTLogin.verifyLoginWithDDT(TC003_DDTLogin.java:37)
at java.base/jdk.internal.reflect.DirectMethodHandleAccessor.invoke(DirectMethodHandleAccessor.java:103)
at java.base/java.lang.reflect.Method.invoke(Method.java:580)
at org.testng.internal.invokers.MethodInvocationHelper.invokeMethod(MethodInvocationHelper.java:141)
at org.testng.internal.invokers.TestInvoker.invokeMethod(TestInvoker.java:687)
at org.testng.internal.invokers.TestInvoker.invokeTestMethod(TestInvoker.java:230)
at org.testng.internal.invokers.MethodRunner.runInSequence(MethodRunner.java:63)
at org.testng.internal.invokers.TestInvoker$MethodInvocationAgent.invoke(TestInvoker.java:995)
at org.testng.internal.invokers.TestInvoker.invokeTestMethods(TestInvoker.java:203)
at org.testng.internal.invokers.TestMethodWorker.invokeTestMethods(TestMethodWorker.java:154)
at org.testng.internal.invokers.TestMethodWorker.run(TestMethodWorker.java:134)
at java.base/java.util.ArrayList.forEach(ArrayList.java:1596)
at org.testng.TestRunner.privateRun(TestRunner.java:741)
at org.testng.TestRunner.run(TestRunner.java:616)
at org.testng.SuiteRunner.runTest(SuiteRunner.java:421)
at org.testng.SuiteRunner.runSequentially(SuiteRunner.java:413)
at org.testng.SuiteRunner.privateRun(SuiteRunner.java:373)
at org.testng.SuiteRunner.run(SuiteRunner.java:312)
at org.testng.SuiteRunnerWorker.runSuite(SuiteRunnerWorker.java:52)
at org.testng.SuiteRunnerWorker.run(SuiteRunnerWorker.java:95)
at org.testng.TestNG.runSuitesSequentially(TestNG.java:1274)
at org.testng.TestNG.runSuitesLocally(TestNG.java:1208)
at org.testng.TestNG.runSuites(TestNG.java:1112)
at org.testng.TestNG.run(TestNG.java:1079)
at org.apache.maven.surefire.testng.TestNGExecutor.run(TestNGExecutor.java:308)
at org.apache.maven.surefire.testng.TestNGXmlTestSuite.execute(TestNGXmlTestSuite.java:71)
at org.apache.maven.surefire.testng.TestNGProvider.invoke(TestNGProvider.java:113)
at org.apache.maven.surefire.booter.ForkedBooter.runSuitesInProcess(ForkedBooter.java:385)
at org.apache.maven.surefire.booter.ForkedBooter.execute(ForkedBooter.java:162)
at org.apache.maven.surefire.booter.ForkedBooter.run(ForkedBooter.java:507)
at org.apache.maven.surefire.booter.ForkedBooter.main(ForkedBooter.java:495)
]]>
            </full-stacktrace>
          </exception> <!-- java.lang.AssertionError -->
          <reporter-output>
            <line>
              <![CDATA[Clicked on My Account Link]]>
            </line>
            <line>
              <![CDATA[Clicked on Login Link]]>
            </line>
            <line>
              <![CDATA[Email address is entered]]>
            </line>
            <line>
              <![CDATA[Password is entered]]>
            </line>
            <line>
              <![CDATA[Login button is clicked]]>
            </line>
          </reporter-output>
        </test-method> <!-- verifyLoginWithDDT -->
        <test-method is-config="true" signature="tearDown()[pri:0, instance:testcases.TC003_DDTLogin@48f2bd5b]" started-at="2025-09-30T16:29:46 IST" name="tearDown" finished-at="2025-09-30T16:29:46 IST" duration-ms="276" status="PASS">
          <reporter-output>
          </reporter-output>
        </test-method> <!-- tearDown -->
        <test-method is-config="true" signature="launchBrowser(java.lang.String,java.lang.String)[pri:0, instance:testcases.TC003_DDTLogin@48f2bd5b]" started-at="2025-09-30T16:29:46 IST" name="launchBrowser" finished-at="2025-09-30T16:29:51 IST" duration-ms="4114" status="PASS">
          <params>
            <param index="0">
              <value>
                <![CDATA[windows]]>
              </value>
            </param>
            <param index="1">
              <value>
                <![CDATA[chrome]]>
              </value>
            </param>
          </params>
          <reporter-output>
          </reporter-output>
        </test-method> <!-- launchBrowser -->
        <test-method signature="verifyLoginWithDDT(java.lang.String,java.lang.String)[pri:0, instance:testcases.TC003_DDTLogin@48f2bd5b]" started-at="2025-09-30T16:29:51 IST" name="verifyLoginWithDDT" data-provider="dataProviderForLogin" finished-at="2025-09-30T16:29:55 IST" duration-ms="4068" status="PASS">
          <params>
            <param index="0">
              <value>
                <![CDATA[kunalwagh1163@gmail.com]]>
              </value>
            </param>
            <param index="1">
              <value>
                <![CDATA[kunal1727]]>
              </value>
            </param>
          </params>
          <reporter-output>
            <line>
              <![CDATA[Clicked on My Account Link]]>
            </line>
            <line>
              <![CDATA[Clicked on Login Link]]>
            </line>
            <line>
              <![CDATA[Email address is entered]]>
            </line>
            <line>
              <![CDATA[Password is entered]]>
            </line>
            <line>
              <![CDATA[Login button is clicked]]>
            </line>
            <line>
              <![CDATA[Clicked on My Account Link]]>
            </line>
            <line>
              <![CDATA[Clicked on Logout Link]]>
            </line>
          </reporter-output>
        </test-method> <!-- verifyLoginWithDDT -->
        <test-method is-config="true" signature="tearDown()[pri:0, instance:testcases.TC003_DDTLogin@48f2bd5b]" started-at="2025-09-30T16:29:55 IST" name="tearDown" finished-at="2025-09-30T16:29:55 IST" duration-ms="290" status="PASS">
          <reporter-output>
          </reporter-output>
        </test-method> <!-- tearDown -->
      </class> <!-- testcases.TC003_DDTLogin -->
    </test> <!-- Verify Login With DDT -->
  </suite> <!-- Project Ecommerce -->
</testng-results>
